<?xml version="1.0" encoding="UTF-8"?>
<!-- Generated by org.testng.reporters.JUnitReportReporter -->
<testsuite hostname="LTIN276381" failures="0" tests="5" name="com.InterestAmount.Testcases.CarLoanTestCases" time="16.087" errors="0" timestamp="2022-01-03T12:13:00 IST" skipped="0">
  <testcase classname="com.InterestAmount.Testcases.CarLoanTestCases" name="openBrowsertestCase" time="11.366"/>
  <system-out/>
  <testcase classname="com.InterestAmount.Testcases.CarLoanTestCases" name="carEMIFormtestCase" time="2.745"/>
  <system-out/>
  <testcase classname="com.InterestAmount.Testcases.CarLoanTestCases" name="getdatatestcase" time="1.018"/>
  <system-out/>
  <testcase classname="com.InterestAmount.Testcases.CarLoanTestCases" name="closetestcase" time="0.820"/>
  <system-out/>
  <testcase classname="com.InterestAmount.Testcases.CarLoanTestCases" name="endReportestcase" time="0.138"/>
  <system-out/>
</testsuite> <!-- com.InterestAmount.Testcases.CarLoanTestCases -->
