<?xml version="1.0" encoding="UTF-8"?>
<!-- Generated by org.testng.reporters.JUnitReportReporter -->
<testsuite hostname="LTIN276381" failures="0" tests="5" name="com.InterestAmount.Testcases.HomeLoanCalculatorTestCases" time="22.687" errors="0" timestamp="2022-01-03T12:13:00 IST" skipped="0">
  <testcase classname="com.InterestAmount.Testcases.HomeLoanCalculatorTestCases" name="testopenBrowser" time="10.182"/>
  <system-out/>
  <testcase classname="com.InterestAmount.Testcases.HomeLoanCalculatorTestCases" name="testdataexport" time="7.607"/>
  <system-out/>
  <testcase classname="com.InterestAmount.Testcases.HomeLoanCalculatorTestCases" name="testHomeEmi" time="3.636"/>
  <system-out/>
  <testcase classname="com.InterestAmount.Testcases.HomeLoanCalculatorTestCases" name="close" time="1.125"/>
  <system-out/>
  <testcase classname="com.InterestAmount.Testcases.HomeLoanCalculatorTestCases" name="endReport" time="0.137"/>
  <system-out/>
</testsuite> <!-- com.InterestAmount.Testcases.HomeLoanCalculatorTestCases -->
