<?xml version="1.0" encoding="UTF-8"?>
<!-- Generated by org.testng.reporters.JUnitReportReporter -->
<testsuite hostname="LTIN276381" failures="0" tests="16" name="com.InterestAmount.Testcases.LoanEMIUICheckTestCases" time="24.166" errors="0" timestamp="2022-01-03T12:13:00 IST" skipped="0">
  <testcase classname="com.InterestAmount.Testcases.LoanEMIUICheckTestCases" name="testopenBrowsertestCase" time="10.976"/>
  <system-out/>
  <testcase classname="com.InterestAmount.Testcases.LoanEMIUICheckTestCases" name="testloanemicalcnavigate" time="5.033"/>
  <system-out/>
  <testcase classname="com.InterestAmount.Testcases.LoanEMIUICheckTestCases" name="testfeechargesslider" time="0.522"/>
  <system-out/>
  <testcase classname="com.InterestAmount.Testcases.LoanEMIUICheckTestCases" name="testloanamttextbox" time="0.631"/>
  <system-out/>
  <testcase classname="com.InterestAmount.Testcases.LoanEMIUICheckTestCases" name="testloanamtslidercheck" time="0.667"/>
  <system-out/>
  <testcase classname="com.InterestAmount.Testcases.LoanEMIUICheckTestCases" name="testinterestrateslidercheck" time="0.847"/>
  <system-out/>
  <testcase classname="com.InterestAmount.Testcases.LoanEMIUICheckTestCases" name="testfeechargestextbox" time="0.406"/>
  <system-out/>
  <testcase classname="com.InterestAmount.Testcases.LoanEMIUICheckTestCases" name="testloanamtslider" time="0.345"/>
  <system-out/>
  <testcase classname="com.InterestAmount.Testcases.LoanEMIUICheckTestCases" name="testloantermtextbox" time="0.290"/>
  <system-out/>
  <testcase classname="com.InterestAmount.Testcases.LoanEMIUICheckTestCases" name="testinterestratetextbox" time="0.262"/>
  <system-out/>
  <testcase classname="com.InterestAmount.Testcases.LoanEMIUICheckTestCases" name="testfeeslidercheck" time="1.228"/>
  <system-out/>
  <testcase classname="com.InterestAmount.Testcases.LoanEMIUICheckTestCases" name="testinterestrateslider" time="0.460"/>
  <system-out/>
  <testcase classname="com.InterestAmount.Testcases.LoanEMIUICheckTestCases" name="testloantermslidercheck" time="0.587"/>
  <system-out/>
  <testcase classname="com.InterestAmount.Testcases.LoanEMIUICheckTestCases" name="testloantermslider" time="0.224"/>
  <system-out/>
  <testcase classname="com.InterestAmount.Testcases.LoanEMIUICheckTestCases" name="close" time="1.007"/>
  <system-out/>
  <testcase classname="com.InterestAmount.Testcases.LoanEMIUICheckTestCases" name="endReport" time="0.681"/>
  <system-out/>
</testsuite> <!-- com.InterestAmount.Testcases.LoanEMIUICheckTestCases -->
